{"name": "# Verify captcha works and \"Select\" text is here", "status": "broken", "statusDetails": {"message": "selenium.common.exceptions.TimeoutException: Message: \n\n", "trace": "  File \"c:\\users\\rapid\\appdata\\local\\programs\\python\\python39\\lib\\site-packages\\behave\\model.py\", line 1329, in run\n    match.run(runner.context)\n  File \"c:\\users\\rapid\\appdata\\local\\programs\\python\\python39\\lib\\site-packages\\behave\\matchers.py\", line 98, in run\n    self.func(context, *args, **kwargs)\n  File \"features\\steps\\008_captcha_works.py\", line 8, in captcha_works\n    context.app.main_page.captcha_works(txt)\n  File \"C:\\Everything\\IT\\Testing\\Automation_08_09_2019\\autocareparts_gene_kayakov\\pages\\main_page.py\", line 249, in captcha_works\n    wait.until(EC.element_to_be_clickable(SKIP_CAPCHA)).click()\n  File \"c:\\users\\rapid\\appdata\\local\\programs\\python\\python39\\lib\\site-packages\\selenium\\webdriver\\support\\wait.py\", line 87, in until\n    raise TimeoutException(message, screen, stacktrace)\n"}, "steps": [{"name": "Given Loginpage", "status": "passed", "start": 1625058863348, "stop": 1625058864366}, {"name": "Then Verify captcha works and \"Select\" text is here", "status": "broken", "statusDetails": {"message": "selenium.common.exceptions.TimeoutException: Message: \n\n", "trace": "  File \"c:\\users\\rapid\\appdata\\local\\programs\\python\\python39\\lib\\site-packages\\behave\\model.py\", line 1329, in run\n    match.run(runner.context)\n  File \"c:\\users\\rapid\\appdata\\local\\programs\\python\\python39\\lib\\site-packages\\behave\\matchers.py\", line 98, in run\n    self.func(context, *args, **kwargs)\n  File \"features\\steps\\008_captcha_works.py\", line 8, in captcha_works\n    context.app.main_page.captcha_works(txt)\n  File \"C:\\Everything\\IT\\Testing\\Automation_08_09_2019\\autocareparts_gene_kayakov\\pages\\main_page.py\", line 249, in captcha_works\n    wait.until(EC.element_to_be_clickable(SKIP_CAPCHA)).click()\n  File \"c:\\users\\rapid\\appdata\\local\\programs\\python\\python39\\lib\\site-packages\\selenium\\webdriver\\support\\wait.py\", line 87, in until\n    raise TimeoutException(message, screen, stacktrace)\n"}, "start": 1625058864366, "stop": 1625058885827}], "start": 1625058858771, "stop": 1625058887958, "uuid": "bee05ef5-1d72-4d37-b755-b30f6d6ad992", "historyId": "610a499b43dee0299e694fb33f24fff6", "fullName": "# Verify captcha works and \"Select\" text is here: # Verify captcha works and \"Select\" text is here", "labels": [{"name": "severity", "value": "normal"}, {"name": "feature", "value": "# Verify captcha works and \"Select\" text is here"}, {"name": "framework", "value": "behave"}, {"name": "language", "value": "cpython3"}]}