{"name": "# Verify captcha works and \"Select\" text is here", "status": "broken", "statusDetails": {"message": "selenium.common.exceptions.WebDriverException: Message: target frame detached\n  (Session info: chrome=91.0.4472.114)\nStacktrace:\nBacktrace:\n\tOrdinal0 [0x00893733+2504499]\n\tOrdinal0 [0x0082C401+2081793]\n\tOrdinal0 [0x007324F0+1058032]\n\tOrdinal0 [0x00724CEF+1002735]\n\tOrdinal0 [0x00723EF9+999161]\n\tOrdinal0 [0x007242C7+1000135]\n\tOrdinal0 [0x0073A2D0+1090256]\n\tOrdinal0 [0x0073484E+1067086]\n\tOrdinal0 [0x007343C5+1065925]\n\tOrdinal0 [0x007343F9+1065977]\n\tOrdinal0 [0x00734B6B+1067883]\n\tOrdinal0 [0x00734DD0+1068496]\n\tOrdinal0 [0x0075CC28+1231912]\n\tOrdinal0 [0x007868F2+1403122]\n\tOrdinal0 [0x00775EBA+1334970]\n\tOrdinal0 [0x00784CDB+1395931]\n\tOrdinal0 [0x00775D4B+1334603]\n\tOrdinal0 [0x007522B4+1188532]\n\tOrdinal0 [0x00753149+1192265]\n\tGetHandleVerifier [0x00A0FB8C+1512252]\n\tGetHandleVerifier [0x00ABB0DF+2214031]\n\tGetHandleVerifier [0x00914BC3+484211]\n\tGetHandleVerifier [0x00913E69+480793]\n\tOrdinal0 [0x0083218D+2105741]\n\tOrdinal0 [0x008366E8+2123496]\n\tOrdinal0 [0x00836827+2123815]\n\tOrdinal0 [0x0083FB73+2161523]\n\tBaseThreadInitThunk [0x763BFA29+25]\n\tRtlGetAppContainerNamedObjectPath [0x77D37A9E+286]\n\tRtlGetAppContainerNamedObjectPath [0x77D37A6E+238]\n\n", "trace": "  File \"c:\\users\\rapid\\appdata\\local\\programs\\python\\python39\\lib\\site-packages\\behave\\model.py\", line 1329, in run\n    match.run(runner.context)\n  File \"c:\\users\\rapid\\appdata\\local\\programs\\python\\python39\\lib\\site-packages\\behave\\matchers.py\", line 98, in run\n    self.func(context, *args, **kwargs)\n  File \"features\\steps\\008_captcha_works.py\", line 8, in captcha_works\n    context.app.main_page.captcha_works(txt)\n  File \"C:\\Everything\\IT\\Testing\\Automation_08_09_2019\\autocareparts_gene_kayakov\\pages\\main_page.py\", line 236, in captcha_works\n    target = wait.until(EC.element_to_be_clickable(I_AM_NOT_ROBOT_CHCK_BX))\n  File \"c:\\users\\rapid\\appdata\\local\\programs\\python\\python39\\lib\\site-packages\\selenium\\webdriver\\support\\wait.py\", line 78, in until\n    value = method(self._driver)\n  File \"c:\\users\\rapid\\appdata\\local\\programs\\python\\python39\\lib\\site-packages\\selenium\\webdriver\\support\\expected_conditions.py\", line 269, in _predicate\n    element = visibility_of_element_located(locator)(driver)\n  File \"c:\\users\\rapid\\appdata\\local\\programs\\python\\python39\\lib\\site-packages\\selenium\\webdriver\\support\\expected_conditions.py\", line 117, in _predicate\n    return _element_if_visible(driver.find_element(*locator))\n  File \"c:\\users\\rapid\\appdata\\local\\programs\\python\\python39\\lib\\site-packages\\selenium\\webdriver\\remote\\webdriver.py\", line 1122, in find_element\n    return self.execute(Command.FIND_ELEMENT, {\n  File \"c:\\users\\rapid\\appdata\\local\\programs\\python\\python39\\lib\\site-packages\\selenium\\webdriver\\remote\\webdriver.py\", line 369, in execute\n    self.error_handler.check_response(response)\n  File \"c:\\users\\rapid\\appdata\\local\\programs\\python\\python39\\lib\\site-packages\\selenium\\webdriver\\remote\\errorhandler.py\", line 236, in check_response\n    raise exception_class(message, screen, stacktrace)\n"}, "steps": [{"name": "Given Loginpage", "status": "passed", "start": 1625019793846, "stop": 1625019795024}, {"name": "Then Verify captcha works and \"Select\" text is here", "status": "broken", "statusDetails": {"message": "selenium.common.exceptions.WebDriverException: Message: target frame detached\n  (Session info: chrome=91.0.4472.114)\nStacktrace:\nBacktrace:\n\tOrdinal0 [0x00893733+2504499]\n\tOrdinal0 [0x0082C401+2081793]\n\tOrdinal0 [0x007324F0+1058032]\n\tOrdinal0 [0x00724CEF+1002735]\n\tOrdinal0 [0x00723EF9+999161]\n\tOrdinal0 [0x007242C7+1000135]\n\tOrdinal0 [0x0073A2D0+1090256]\n\tOrdinal0 [0x0073484E+1067086]\n\tOrdinal0 [0x007343C5+1065925]\n\tOrdinal0 [0x007343F9+1065977]\n\tOrdinal0 [0x00734B6B+1067883]\n\tOrdinal0 [0x00734DD0+1068496]\n\tOrdinal0 [0x0075CC28+1231912]\n\tOrdinal0 [0x007868F2+1403122]\n\tOrdinal0 [0x00775EBA+1334970]\n\tOrdinal0 [0x00784CDB+1395931]\n\tOrdinal0 [0x00775D4B+1334603]\n\tOrdinal0 [0x007522B4+1188532]\n\tOrdinal0 [0x00753149+1192265]\n\tGetHandleVerifier [0x00A0FB8C+1512252]\n\tGetHandleVerifier [0x00ABB0DF+2214031]\n\tGetHandleVerifier [0x00914BC3+484211]\n\tGetHandleVerifier [0x00913E69+480793]\n\tOrdinal0 [0x0083218D+2105741]\n\tOrdinal0 [0x008366E8+2123496]\n\tOrdinal0 [0x00836827+2123815]\n\tOrdinal0 [0x0083FB73+2161523]\n\tBaseThreadInitThunk [0x763BFA29+25]\n\tRtlGetAppContainerNamedObjectPath [0x77D37A9E+286]\n\tRtlGetAppContainerNamedObjectPath [0x77D37A6E+238]\n\n", "trace": "  File \"c:\\users\\rapid\\appdata\\local\\programs\\python\\python39\\lib\\site-packages\\behave\\model.py\", line 1329, in run\n    match.run(runner.context)\n  File \"c:\\users\\rapid\\appdata\\local\\programs\\python\\python39\\lib\\site-packages\\behave\\matchers.py\", line 98, in run\n    self.func(context, *args, **kwargs)\n  File \"features\\steps\\008_captcha_works.py\", line 8, in captcha_works\n    context.app.main_page.captcha_works(txt)\n  File \"C:\\Everything\\IT\\Testing\\Automation_08_09_2019\\autocareparts_gene_kayakov\\pages\\main_page.py\", line 236, in captcha_works\n    target = wait.until(EC.element_to_be_clickable(I_AM_NOT_ROBOT_CHCK_BX))\n  File \"c:\\users\\rapid\\appdata\\local\\programs\\python\\python39\\lib\\site-packages\\selenium\\webdriver\\support\\wait.py\", line 78, in until\n    value = method(self._driver)\n  File \"c:\\users\\rapid\\appdata\\local\\programs\\python\\python39\\lib\\site-packages\\selenium\\webdriver\\support\\expected_conditions.py\", line 269, in _predicate\n    element = visibility_of_element_located(locator)(driver)\n  File \"c:\\users\\rapid\\appdata\\local\\programs\\python\\python39\\lib\\site-packages\\selenium\\webdriver\\support\\expected_conditions.py\", line 117, in _predicate\n    return _element_if_visible(driver.find_element(*locator))\n  File \"c:\\users\\rapid\\appdata\\local\\programs\\python\\python39\\lib\\site-packages\\selenium\\webdriver\\remote\\webdriver.py\", line 1122, in find_element\n    return self.execute(Command.FIND_ELEMENT, {\n  File \"c:\\users\\rapid\\appdata\\local\\programs\\python\\python39\\lib\\site-packages\\selenium\\webdriver\\remote\\webdriver.py\", line 369, in execute\n    self.error_handler.check_response(response)\n  File \"c:\\users\\rapid\\appdata\\local\\programs\\python\\python39\\lib\\site-packages\\selenium\\webdriver\\remote\\errorhandler.py\", line 236, in check_response\n    raise exception_class(message, screen, stacktrace)\n"}, "start": 1625019795024, "stop": 1625019798014}], "start": 1625019789113, "stop": 1625019800804, "uuid": "83030b66-6442-46ae-8f3b-ba0176012e80", "historyId": "610a499b43dee0299e694fb33f24fff6", "fullName": "# Verify captcha works and \"Select\" text is here: # Verify captcha works and \"Select\" text is here", "labels": [{"name": "severity", "value": "normal"}, {"name": "feature", "value": "# Verify captcha works and \"Select\" text is here"}, {"name": "framework", "value": "behave"}, {"name": "language", "value": "cpython3"}]}