{"name": "# Verify captcha works and \"Select\" text is here", "status": "broken", "statusDetails": {"message": "selenium.common.exceptions.TimeoutException: Message: \nStacktrace:\nBacktrace:\n\tOrdinal0 [0x00C13733+2504499]\n\tOrdinal0 [0x00BAC401+2081793]\n\tOrdinal0 [0x00AB2628+1058344]\n\tOrdinal0 [0x00ADCEBB+1232571]\n\tOrdinal0 [0x00B068F2+1403122]\n\tOrdinal0 [0x00AF5EBA+1334970]\n\tOrdinal0 [0x00B04CDB+1395931]\n\tOrdinal0 [0x00AF5D4B+1334603]\n\tOrdinal0 [0x00AD22B4+1188532]\n\tOrdinal0 [0x00AD3149+1192265]\n\tGetHandleVerifier [0x00D8FB8C+1512252]\n\tGetHandleVerifier [0x00E3B0DF+2214031]\n\tGetHandleVerifier [0x00C94BC3+484211]\n\tGetHandleVerifier [0x00C93E69+480793]\n\tOrdinal0 [0x00BB218D+2105741]\n\tOrdinal0 [0x00BB66E8+2123496]\n\tOrdinal0 [0x00BB6827+2123815]\n\tOrdinal0 [0x00BBFB73+2161523]\n\tBaseThreadInitThunk [0x755AFA29+25]\n\tRtlGetAppContainerNamedObjectPath [0x77747A9E+286]\n\tRtlGetAppContainerNamedObjectPath [0x77747A6E+238]\n\n", "trace": "  File \"c:\\users\\rapid\\appdata\\local\\programs\\python\\python39\\lib\\site-packages\\behave\\model.py\", line 1329, in run\n    match.run(runner.context)\n  File \"c:\\users\\rapid\\appdata\\local\\programs\\python\\python39\\lib\\site-packages\\behave\\matchers.py\", line 98, in run\n    self.func(context, *args, **kwargs)\n  File \"features\\steps\\008_captcha_works.py\", line 8, in captcha_works\n    context.app.main_page.captcha_works(txt)\n  File \"C:\\Everything\\IT\\Testing\\Automation_08_09_2019\\autocareparts_gene_kayakov\\pages\\main_page.py\", line 205, in captcha_works\n    wait.until(EC.element_to_be_clickable(CREATE_AN_ACCOUNT)).click()\n  File \"c:\\users\\rapid\\appdata\\local\\programs\\python\\python39\\lib\\site-packages\\selenium\\webdriver\\support\\wait.py\", line 87, in until\n    raise TimeoutException(message, screen, stacktrace)\n"}, "steps": [{"name": "Given Loginpage", "status": "passed", "start": 1623900024208, "stop": 1623900024936}, {"name": "Then Verify captcha works and \"Select\" text is here", "status": "broken", "statusDetails": {"message": "selenium.common.exceptions.TimeoutException: Message: \nStacktrace:\nBacktrace:\n\tOrdinal0 [0x00C13733+2504499]\n\tOrdinal0 [0x00BAC401+2081793]\n\tOrdinal0 [0x00AB2628+1058344]\n\tOrdinal0 [0x00ADCEBB+1232571]\n\tOrdinal0 [0x00B068F2+1403122]\n\tOrdinal0 [0x00AF5EBA+1334970]\n\tOrdinal0 [0x00B04CDB+1395931]\n\tOrdinal0 [0x00AF5D4B+1334603]\n\tOrdinal0 [0x00AD22B4+1188532]\n\tOrdinal0 [0x00AD3149+1192265]\n\tGetHandleVerifier [0x00D8FB8C+1512252]\n\tGetHandleVerifier [0x00E3B0DF+2214031]\n\tGetHandleVerifier [0x00C94BC3+484211]\n\tGetHandleVerifier [0x00C93E69+480793]\n\tOrdinal0 [0x00BB218D+2105741]\n\tOrdinal0 [0x00BB66E8+2123496]\n\tOrdinal0 [0x00BB6827+2123815]\n\tOrdinal0 [0x00BBFB73+2161523]\n\tBaseThreadInitThunk [0x755AFA29+25]\n\tRtlGetAppContainerNamedObjectPath [0x77747A9E+286]\n\tRtlGetAppContainerNamedObjectPath [0x77747A6E+238]\n\n", "trace": "  File \"c:\\users\\rapid\\appdata\\local\\programs\\python\\python39\\lib\\site-packages\\behave\\model.py\", line 1329, in run\n    match.run(runner.context)\n  File \"c:\\users\\rapid\\appdata\\local\\programs\\python\\python39\\lib\\site-packages\\behave\\matchers.py\", line 98, in run\n    self.func(context, *args, **kwargs)\n  File \"features\\steps\\008_captcha_works.py\", line 8, in captcha_works\n    context.app.main_page.captcha_works(txt)\n  File \"C:\\Everything\\IT\\Testing\\Automation_08_09_2019\\autocareparts_gene_kayakov\\pages\\main_page.py\", line 205, in captcha_works\n    wait.until(EC.element_to_be_clickable(CREATE_AN_ACCOUNT)).click()\n  File \"c:\\users\\rapid\\appdata\\local\\programs\\python\\python39\\lib\\site-packages\\selenium\\webdriver\\support\\wait.py\", line 87, in until\n    raise TimeoutException(message, screen, stacktrace)\n"}, "start": 1623900024937, "stop": 1623900038653}], "start": 1623900019717, "stop": 1623900040813, "uuid": "708f6c32-a1d1-4c1c-b42d-c5295c8d0706", "historyId": "610a499b43dee0299e694fb33f24fff6", "fullName": "# Verify captcha works and \"Select\" text is here: # Verify captcha works and \"Select\" text is here", "labels": [{"name": "severity", "value": "normal"}, {"name": "feature", "value": "# Verify captcha works and \"Select\" text is here"}, {"name": "framework", "value": "behave"}, {"name": "language", "value": "cpython3"}]}