{"name": "# Verify captcha works and \"Select\" text is here", "status": "broken", "statusDetails": {"message": "selenium.common.exceptions.TimeoutException: Message: \nStacktrace:\nBacktrace:\n\tOrdinal0 [0x00A83733+2504499]\n\tOrdinal0 [0x00A1C401+2081793]\n\tOrdinal0 [0x00922628+1058344]\n\tOrdinal0 [0x0094CEBB+1232571]\n\tOrdinal0 [0x009768F2+1403122]\n\tOrdinal0 [0x00965EBA+1334970]\n\tOrdinal0 [0x00974CDB+1395931]\n\tOrdinal0 [0x00965D4B+1334603]\n\tOrdinal0 [0x009422B4+1188532]\n\tOrdinal0 [0x00943149+1192265]\n\tGetHandleVerifier [0x00BFFB8C+1512252]\n\tGetHandleVerifier [0x00CAB0DF+2214031]\n\tGetHandleVerifier [0x00B04BC3+484211]\n\tGetHandleVerifier [0x00B03E69+480793]\n\tOrdinal0 [0x00A2218D+2105741]\n\tOrdinal0 [0x00A266E8+2123496]\n\tOrdinal0 [0x00A26827+2123815]\n\tOrdinal0 [0x00A2FB73+2161523]\n\tBaseThreadInitThunk [0x755AFA29+25]\n\tRtlGetAppContainerNamedObjectPath [0x77747A9E+286]\n\tRtlGetAppContainerNamedObjectPath [0x77747A6E+238]\n\n", "trace": "  File \"c:\\users\\rapid\\appdata\\local\\programs\\python\\python39\\lib\\site-packages\\behave\\model.py\", line 1329, in run\n    match.run(runner.context)\n  File \"c:\\users\\rapid\\appdata\\local\\programs\\python\\python39\\lib\\site-packages\\behave\\matchers.py\", line 98, in run\n    self.func(context, *args, **kwargs)\n  File \"features\\steps\\008_captcha_works.py\", line 8, in captcha_works\n    context.app.main_page.captcha_works(txt)\n  File \"C:\\Everything\\IT\\Testing\\Automation_08_09_2019\\autocareparts_gene_kayakov\\pages\\main_page.py\", line 205, in captcha_works\n    wait.until(EC.element_to_be_clickable(CREATE_AN_ACCOUNT)).click()\n  File \"c:\\users\\rapid\\appdata\\local\\programs\\python\\python39\\lib\\site-packages\\selenium\\webdriver\\support\\wait.py\", line 87, in until\n    raise TimeoutException(message, screen, stacktrace)\n"}, "steps": [{"name": "Given Loginpage", "status": "passed", "start": 1623808138968, "stop": 1623808139889}, {"name": "Then Verify captcha works and \"Select\" text is here", "status": "broken", "statusDetails": {"message": "selenium.common.exceptions.TimeoutException: Message: \nStacktrace:\nBacktrace:\n\tOrdinal0 [0x00A83733+2504499]\n\tOrdinal0 [0x00A1C401+2081793]\n\tOrdinal0 [0x00922628+1058344]\n\tOrdinal0 [0x0094CEBB+1232571]\n\tOrdinal0 [0x009768F2+1403122]\n\tOrdinal0 [0x00965EBA+1334970]\n\tOrdinal0 [0x00974CDB+1395931]\n\tOrdinal0 [0x00965D4B+1334603]\n\tOrdinal0 [0x009422B4+1188532]\n\tOrdinal0 [0x00943149+1192265]\n\tGetHandleVerifier [0x00BFFB8C+1512252]\n\tGetHandleVerifier [0x00CAB0DF+2214031]\n\tGetHandleVerifier [0x00B04BC3+484211]\n\tGetHandleVerifier [0x00B03E69+480793]\n\tOrdinal0 [0x00A2218D+2105741]\n\tOrdinal0 [0x00A266E8+2123496]\n\tOrdinal0 [0x00A26827+2123815]\n\tOrdinal0 [0x00A2FB73+2161523]\n\tBaseThreadInitThunk [0x755AFA29+25]\n\tRtlGetAppContainerNamedObjectPath [0x77747A9E+286]\n\tRtlGetAppContainerNamedObjectPath [0x77747A6E+238]\n\n", "trace": "  File \"c:\\users\\rapid\\appdata\\local\\programs\\python\\python39\\lib\\site-packages\\behave\\model.py\", line 1329, in run\n    match.run(runner.context)\n  File \"c:\\users\\rapid\\appdata\\local\\programs\\python\\python39\\lib\\site-packages\\behave\\matchers.py\", line 98, in run\n    self.func(context, *args, **kwargs)\n  File \"features\\steps\\008_captcha_works.py\", line 8, in captcha_works\n    context.app.main_page.captcha_works(txt)\n  File \"C:\\Everything\\IT\\Testing\\Automation_08_09_2019\\autocareparts_gene_kayakov\\pages\\main_page.py\", line 205, in captcha_works\n    wait.until(EC.element_to_be_clickable(CREATE_AN_ACCOUNT)).click()\n  File \"c:\\users\\rapid\\appdata\\local\\programs\\python\\python39\\lib\\site-packages\\selenium\\webdriver\\support\\wait.py\", line 87, in until\n    raise TimeoutException(message, screen, stacktrace)\n"}, "start": 1623808139889, "stop": 1623808153519}], "start": 1623808134160, "stop": 1623808155829, "uuid": "3c1f771d-8651-4fe3-8f2b-c5143c3521db", "historyId": "610a499b43dee0299e694fb33f24fff6", "fullName": "# Verify captcha works and \"Select\" text is here: # Verify captcha works and \"Select\" text is here", "labels": [{"name": "severity", "value": "normal"}, {"name": "feature", "value": "# Verify captcha works and \"Select\" text is here"}, {"name": "framework", "value": "behave"}, {"name": "language", "value": "cpython3"}]}