{"name": "# Verify address \"20350 NE 16TH PL\" is here", "status": "broken", "statusDetails": {"message": "selenium.common.exceptions.TimeoutException: Message: \n\n", "trace": "  File \"c:\\users\\rapid\\appdata\\local\\programs\\python\\python39\\lib\\site-packages\\behave\\model.py\", line 1329, in run\n    match.run(runner.context)\n  File \"c:\\users\\rapid\\appdata\\local\\programs\\python\\python39\\lib\\site-packages\\behave\\matchers.py\", line 98, in run\n    self.func(context, *args, **kwargs)\n  File \"features\\steps\\004_address_here.py\", line 8, in vrf_addrss_here\n    context.app.main_page.vrf_addrss_here(addrss)\n  File \"C:\\Everything\\IT\\Testing\\Automation_08_09_2019\\autocareparts_gene_kayakov\\pages\\main_page.py\", line 71, in vrf_addrss_here\n    actual_text = wait.until(EC.visibility_of_element_located((ADDRESS_IS_HERE))).text\n  File \"c:\\users\\rapid\\appdata\\local\\programs\\python\\python39\\lib\\site-packages\\selenium\\webdriver\\support\\wait.py\", line 80, in until\n    raise TimeoutException(message, screen, stacktrace)\n"}, "steps": [{"name": "Given Loginpage", "status": "passed", "start": 1612062265945, "stop": 1612062266739}, {"name": "Then Verify address \"20350 NE 16TH PL\" is here", "status": "broken", "statusDetails": {"message": "selenium.common.exceptions.TimeoutException: Message: \n\n", "trace": "  File \"c:\\users\\rapid\\appdata\\local\\programs\\python\\python39\\lib\\site-packages\\behave\\model.py\", line 1329, in run\n    match.run(runner.context)\n  File \"c:\\users\\rapid\\appdata\\local\\programs\\python\\python39\\lib\\site-packages\\behave\\matchers.py\", line 98, in run\n    self.func(context, *args, **kwargs)\n  File \"features\\steps\\004_address_here.py\", line 8, in vrf_addrss_here\n    context.app.main_page.vrf_addrss_here(addrss)\n  File \"C:\\Everything\\IT\\Testing\\Automation_08_09_2019\\autocareparts_gene_kayakov\\pages\\main_page.py\", line 71, in vrf_addrss_here\n    actual_text = wait.until(EC.visibility_of_element_located((ADDRESS_IS_HERE))).text\n  File \"c:\\users\\rapid\\appdata\\local\\programs\\python\\python39\\lib\\site-packages\\selenium\\webdriver\\support\\wait.py\", line 80, in until\n    raise TimeoutException(message, screen, stacktrace)\n"}, "start": 1612062266739, "stop": 1612062290552}], "start": 1612062260673, "stop": 1612062292719, "uuid": "e13d6baf-5a27-40fd-ae44-d0834857c635", "historyId": "3cd45aa2c3c0610b90df323f30800fc6", "fullName": "features/tests/004_address_here.feature:# Verify address \"20350 NE 16TH PL\" is here", "labels": [{"name": "severity", "value": "normal"}, {"name": "feature", "value": "# Verify address \"20350 NE 16TH PL\" is here"}, {"name": "framework", "value": "behave"}, {"name": "language", "value": "cpython3"}]}