{"name": "# Verify captcha works and \"Select all images with\" text is here", "status": "broken", "statusDetails": {"message": "selenium.common.exceptions.StaleElementReferenceException: Message: stale element reference: element is not attached to the page document\n  (Session info: chrome=88.0.4324.104)\n  (Driver info: operadriver=88.0.4324.104 (17905c015d3376dee9cce5dd079a3f4fa906e060-refs/branch-heads/4324_96@{#3}),platform=Windows NT 10.0.19041 x86_64)\n\n", "trace": "  File \"c:\\users\\rapid\\appdata\\local\\programs\\python\\python39\\lib\\site-packages\\behave\\model.py\", line 1329, in run\n    match.run(runner.context)\n  File \"c:\\users\\rapid\\appdata\\local\\programs\\python\\python39\\lib\\site-packages\\behave\\matchers.py\", line 98, in run\n    self.func(context, *args, **kwargs)\n  File \"features\\steps\\008_login_password_open_account.py\", line 8, in captcha_works\n    context.app.main_page.captcha_works(txt)\n  File \"C:\\Everything\\IT\\Testing\\Automation_08_09_2019\\autocareparts_gene_kayakov\\pages\\main_page.py\", line 217, in captcha_works\n    actual_text = (self.driver.find_element(*SELECT_TEXT_HERE).text).lower()\n  File \"c:\\users\\rapid\\appdata\\local\\programs\\python\\python39\\lib\\site-packages\\selenium\\webdriver\\remote\\webelement.py\", line 76, in text\n    return self._execute(Command.GET_ELEMENT_TEXT)['value']\n  File \"c:\\users\\rapid\\appdata\\local\\programs\\python\\python39\\lib\\site-packages\\selenium\\webdriver\\remote\\webelement.py\", line 633, in _execute\n    return self._parent.execute(command, params)\n  File \"c:\\users\\rapid\\appdata\\local\\programs\\python\\python39\\lib\\site-packages\\selenium\\webdriver\\remote\\webdriver.py\", line 321, in execute\n    self.error_handler.check_response(response)\n  File \"c:\\users\\rapid\\appdata\\local\\programs\\python\\python39\\lib\\site-packages\\selenium\\webdriver\\remote\\errorhandler.py\", line 242, in check_response\n    raise exception_class(message, screen, stacktrace)\n"}, "steps": [{"name": "Given Loginpage", "status": "passed", "start": 1612673512101, "stop": 1612673515040}, {"name": "Then Verify captcha works and \"Select all images with\" text is here", "status": "broken", "statusDetails": {"message": "selenium.common.exceptions.StaleElementReferenceException: Message: stale element reference: element is not attached to the page document\n  (Session info: chrome=88.0.4324.104)\n  (Driver info: operadriver=88.0.4324.104 (17905c015d3376dee9cce5dd079a3f4fa906e060-refs/branch-heads/4324_96@{#3}),platform=Windows NT 10.0.19041 x86_64)\n\n", "trace": "  File \"c:\\users\\rapid\\appdata\\local\\programs\\python\\python39\\lib\\site-packages\\behave\\model.py\", line 1329, in run\n    match.run(runner.context)\n  File \"c:\\users\\rapid\\appdata\\local\\programs\\python\\python39\\lib\\site-packages\\behave\\matchers.py\", line 98, in run\n    self.func(context, *args, **kwargs)\n  File \"features\\steps\\008_login_password_open_account.py\", line 8, in captcha_works\n    context.app.main_page.captcha_works(txt)\n  File \"C:\\Everything\\IT\\Testing\\Automation_08_09_2019\\autocareparts_gene_kayakov\\pages\\main_page.py\", line 217, in captcha_works\n    actual_text = (self.driver.find_element(*SELECT_TEXT_HERE).text).lower()\n  File \"c:\\users\\rapid\\appdata\\local\\programs\\python\\python39\\lib\\site-packages\\selenium\\webdriver\\remote\\webelement.py\", line 76, in text\n    return self._execute(Command.GET_ELEMENT_TEXT)['value']\n  File \"c:\\users\\rapid\\appdata\\local\\programs\\python\\python39\\lib\\site-packages\\selenium\\webdriver\\remote\\webelement.py\", line 633, in _execute\n    return self._parent.execute(command, params)\n  File \"c:\\users\\rapid\\appdata\\local\\programs\\python\\python39\\lib\\site-packages\\selenium\\webdriver\\remote\\webdriver.py\", line 321, in execute\n    self.error_handler.check_response(response)\n  File \"c:\\users\\rapid\\appdata\\local\\programs\\python\\python39\\lib\\site-packages\\selenium\\webdriver\\remote\\errorhandler.py\", line 242, in check_response\n    raise exception_class(message, screen, stacktrace)\n"}, "start": 1612673515040, "stop": 1612673521488}], "start": 1612673501753, "stop": 1612673523661, "uuid": "3f53a04d-4d2b-4a9d-a8a8-9fdda97a3b2f", "historyId": "09f0f26e9586d946786e59eefa114cd3", "fullName": "# Verify captcha works and \"Select all images with\" text is here: # Verify captcha works and \"Select all images with\" text is here", "labels": [{"name": "severity", "value": "normal"}, {"name": "feature", "value": "# Verify captcha works and \"Select all images with\" text is here"}, {"name": "framework", "value": "behave"}, {"name": "language", "value": "cpython3"}]}