{"name": "# Verify Contact=email text is here and Ship to=address text is here", "status": "broken", "statusDetails": {"message": "selenium.common.exceptions.ElementClickInterceptedException: Message: element click intercepted: Element <span class=\"icon icon-cart\"></span> is not clickable at point (843, 358). Other element would receive the click: <div class=\"cart-subtotal cart-subtotal--notes-enabled\">...</div>\n  (Session info: chrome=88.0.4324.150)\n\n", "trace": "  File \"c:\\users\\rapid\\appdata\\local\\programs\\python\\python39\\lib\\site-packages\\behave\\model.py\", line 1329, in run\n    match.run(runner.context)\n  File \"c:\\users\\rapid\\appdata\\local\\programs\\python\\python39\\lib\\site-packages\\behave\\matchers.py\", line 98, in run\n    self.func(context, *args, **kwargs)\n  File \"features\\steps\\009_checkout_buy.py\", line 8, in contact_and_address_here\n    context.app.main_page.contact_and_address_here(txt)\n  File \"C:\\Everything\\IT\\Testing\\Automation_08_09_2019\\autocareparts_gene_kayakov\\pages\\main_page.py\", line 238, in contact_and_address_here\n    wait.until(EC.element_to_be_clickable(CHECK_OUT)).click()\n  File \"c:\\users\\rapid\\appdata\\local\\programs\\python\\python39\\lib\\site-packages\\selenium\\webdriver\\remote\\webelement.py\", line 80, in click\n    self._execute(Command.CLICK_ELEMENT)\n  File \"c:\\users\\rapid\\appdata\\local\\programs\\python\\python39\\lib\\site-packages\\selenium\\webdriver\\remote\\webelement.py\", line 633, in _execute\n    return self._parent.execute(command, params)\n  File \"c:\\users\\rapid\\appdata\\local\\programs\\python\\python39\\lib\\site-packages\\selenium\\webdriver\\remote\\webdriver.py\", line 321, in execute\n    self.error_handler.check_response(response)\n  File \"c:\\users\\rapid\\appdata\\local\\programs\\python\\python39\\lib\\site-packages\\selenium\\webdriver\\remote\\errorhandler.py\", line 242, in check_response\n    raise exception_class(message, screen, stacktrace)\n"}, "steps": [{"name": "Given Loginpage", "status": "passed", "start": 1612491589344, "stop": 1612491590972}, {"name": "Then Verify Contact=email(randomized) and Ship to=address '2124 NE 182nd St North Miami Beach, Fl 33162' are here", "status": "broken", "statusDetails": {"message": "selenium.common.exceptions.ElementClickInterceptedException: Message: element click intercepted: Element <span class=\"icon icon-cart\"></span> is not clickable at point (843, 358). Other element would receive the click: <div class=\"cart-subtotal cart-subtotal--notes-enabled\">...</div>\n  (Session info: chrome=88.0.4324.150)\n\n", "trace": "  File \"c:\\users\\rapid\\appdata\\local\\programs\\python\\python39\\lib\\site-packages\\behave\\model.py\", line 1329, in run\n    match.run(runner.context)\n  File \"c:\\users\\rapid\\appdata\\local\\programs\\python\\python39\\lib\\site-packages\\behave\\matchers.py\", line 98, in run\n    self.func(context, *args, **kwargs)\n  File \"features\\steps\\009_checkout_buy.py\", line 8, in contact_and_address_here\n    context.app.main_page.contact_and_address_here(txt)\n  File \"C:\\Everything\\IT\\Testing\\Automation_08_09_2019\\autocareparts_gene_kayakov\\pages\\main_page.py\", line 238, in contact_and_address_here\n    wait.until(EC.element_to_be_clickable(CHECK_OUT)).click()\n  File \"c:\\users\\rapid\\appdata\\local\\programs\\python\\python39\\lib\\site-packages\\selenium\\webdriver\\remote\\webelement.py\", line 80, in click\n    self._execute(Command.CLICK_ELEMENT)\n  File \"c:\\users\\rapid\\appdata\\local\\programs\\python\\python39\\lib\\site-packages\\selenium\\webdriver\\remote\\webelement.py\", line 633, in _execute\n    return self._parent.execute(command, params)\n  File \"c:\\users\\rapid\\appdata\\local\\programs\\python\\python39\\lib\\site-packages\\selenium\\webdriver\\remote\\webdriver.py\", line 321, in execute\n    self.error_handler.check_response(response)\n  File \"c:\\users\\rapid\\appdata\\local\\programs\\python\\python39\\lib\\site-packages\\selenium\\webdriver\\remote\\errorhandler.py\", line 242, in check_response\n    raise exception_class(message, screen, stacktrace)\n"}, "start": 1612491590972, "stop": 1612491594558}], "start": 1612491588109, "stop": 1612491596910, "uuid": "4f4467d6-83b7-4fe3-910e-5c73717c2fef", "historyId": "23ee89e041a60ac91ad09d1780287453", "fullName": "# Verify Contact=email text is here and Ship to=address text is here: # Verify Contact=email text is here and Ship to=address text is here", "labels": [{"name": "severity", "value": "normal"}, {"name": "feature", "value": "# Verify Contact=email text is here and Ship to=address text is here"}, {"name": "framework", "value": "behave"}, {"name": "language", "value": "cpython3"}]}