{"name": "# Verify captcha works and \"Select\" text is here", "status": "broken", "statusDetails": {"message": "selenium.common.exceptions.NoSuchElementException: Message: no such element: Unable to locate element: {\"method\":\"xpath\",\"selector\":\"//div[@class='rc-imageselect-desc-no-canonical']\"}\n  (Session info: chrome=91.0.4472.114)\nStacktrace:\nBacktrace:\n\tOrdinal0 [0x00813733+2504499]\n\tOrdinal0 [0x007AC401+2081793]\n\tOrdinal0 [0x006B2628+1058344]\n\tOrdinal0 [0x006DCEBB+1232571]\n\tOrdinal0 [0x007068F2+1403122]\n\tOrdinal0 [0x006F5EBA+1334970]\n\tOrdinal0 [0x00704CDB+1395931]\n\tOrdinal0 [0x006F5D4B+1334603]\n\tOrdinal0 [0x006D22B4+1188532]\n\tOrdinal0 [0x006D3149+1192265]\n\tGetHandleVerifier [0x0098FB8C+1512252]\n\tGetHandleVerifier [0x00A3B0DF+2214031]\n\tGetHandleVerifier [0x00894BC3+484211]\n\tGetHandleVerifier [0x00893E69+480793]\n\tOrdinal0 [0x007B218D+2105741]\n\tOrdinal0 [0x007B66E8+2123496]\n\tOrdinal0 [0x007B6827+2123815]\n\tOrdinal0 [0x007BFB73+2161523]\n\tBaseThreadInitThunk [0x763BFA29+25]\n\tRtlGetAppContainerNamedObjectPath [0x77D37A9E+286]\n\tRtlGetAppContainerNamedObjectPath [0x77D37A6E+238]\n\n", "trace": "  File \"c:\\users\\rapid\\appdata\\local\\programs\\python\\python39\\lib\\site-packages\\behave\\model.py\", line 1329, in run\n    match.run(runner.context)\n  File \"c:\\users\\rapid\\appdata\\local\\programs\\python\\python39\\lib\\site-packages\\behave\\matchers.py\", line 98, in run\n    self.func(context, *args, **kwargs)\n  File \"features\\steps\\008_captcha_works.py\", line 8, in captcha_works\n    context.app.main_page.captcha_works(txt)\n  File \"C:\\Everything\\IT\\Testing\\Automation_08_09_2019\\autocareparts_gene_kayakov\\pages\\main_page.py\", line 253, in captcha_works\n    actual_text = (self.driver.find_element(*SELECT_TEXT_HERE).text).lower()\n  File \"c:\\users\\rapid\\appdata\\local\\programs\\python\\python39\\lib\\site-packages\\selenium\\webdriver\\remote\\webdriver.py\", line 1122, in find_element\n    return self.execute(Command.FIND_ELEMENT, {\n  File \"c:\\users\\rapid\\appdata\\local\\programs\\python\\python39\\lib\\site-packages\\selenium\\webdriver\\remote\\webdriver.py\", line 369, in execute\n    self.error_handler.check_response(response)\n  File \"c:\\users\\rapid\\appdata\\local\\programs\\python\\python39\\lib\\site-packages\\selenium\\webdriver\\remote\\errorhandler.py\", line 236, in check_response\n    raise exception_class(message, screen, stacktrace)\n"}, "steps": [{"name": "Given Loginpage", "status": "passed", "start": 1625059099793, "stop": 1625059100917}, {"name": "Then Verify captcha works and \"Select\" text is here", "status": "broken", "statusDetails": {"message": "selenium.common.exceptions.NoSuchElementException: Message: no such element: Unable to locate element: {\"method\":\"xpath\",\"selector\":\"//div[@class='rc-imageselect-desc-no-canonical']\"}\n  (Session info: chrome=91.0.4472.114)\nStacktrace:\nBacktrace:\n\tOrdinal0 [0x00813733+2504499]\n\tOrdinal0 [0x007AC401+2081793]\n\tOrdinal0 [0x006B2628+1058344]\n\tOrdinal0 [0x006DCEBB+1232571]\n\tOrdinal0 [0x007068F2+1403122]\n\tOrdinal0 [0x006F5EBA+1334970]\n\tOrdinal0 [0x00704CDB+1395931]\n\tOrdinal0 [0x006F5D4B+1334603]\n\tOrdinal0 [0x006D22B4+1188532]\n\tOrdinal0 [0x006D3149+1192265]\n\tGetHandleVerifier [0x0098FB8C+1512252]\n\tGetHandleVerifier [0x00A3B0DF+2214031]\n\tGetHandleVerifier [0x00894BC3+484211]\n\tGetHandleVerifier [0x00893E69+480793]\n\tOrdinal0 [0x007B218D+2105741]\n\tOrdinal0 [0x007B66E8+2123496]\n\tOrdinal0 [0x007B6827+2123815]\n\tOrdinal0 [0x007BFB73+2161523]\n\tBaseThreadInitThunk [0x763BFA29+25]\n\tRtlGetAppContainerNamedObjectPath [0x77D37A9E+286]\n\tRtlGetAppContainerNamedObjectPath [0x77D37A6E+238]\n\n", "trace": "  File \"c:\\users\\rapid\\appdata\\local\\programs\\python\\python39\\lib\\site-packages\\behave\\model.py\", line 1329, in run\n    match.run(runner.context)\n  File \"c:\\users\\rapid\\appdata\\local\\programs\\python\\python39\\lib\\site-packages\\behave\\matchers.py\", line 98, in run\n    self.func(context, *args, **kwargs)\n  File \"features\\steps\\008_captcha_works.py\", line 8, in captcha_works\n    context.app.main_page.captcha_works(txt)\n  File \"C:\\Everything\\IT\\Testing\\Automation_08_09_2019\\autocareparts_gene_kayakov\\pages\\main_page.py\", line 253, in captcha_works\n    actual_text = (self.driver.find_element(*SELECT_TEXT_HERE).text).lower()\n  File \"c:\\users\\rapid\\appdata\\local\\programs\\python\\python39\\lib\\site-packages\\selenium\\webdriver\\remote\\webdriver.py\", line 1122, in find_element\n    return self.execute(Command.FIND_ELEMENT, {\n  File \"c:\\users\\rapid\\appdata\\local\\programs\\python\\python39\\lib\\site-packages\\selenium\\webdriver\\remote\\webdriver.py\", line 369, in execute\n    self.error_handler.check_response(response)\n  File \"c:\\users\\rapid\\appdata\\local\\programs\\python\\python39\\lib\\site-packages\\selenium\\webdriver\\remote\\errorhandler.py\", line 236, in check_response\n    raise exception_class(message, screen, stacktrace)\n"}, "start": 1625059100917, "stop": 1625059113677}], "start": 1625059095234, "stop": 1625059115816, "uuid": "70887f82-321a-4443-8649-4c9f0bce04c4", "historyId": "610a499b43dee0299e694fb33f24fff6", "fullName": "# Verify captcha works and \"Select\" text is here: # Verify captcha works and \"Select\" text is here", "labels": [{"name": "severity", "value": "normal"}, {"name": "feature", "value": "# Verify captcha works and \"Select\" text is here"}, {"name": "framework", "value": "behave"}, {"name": "language", "value": "cpython3"}]}