{"name": "# Verify captcha works and \"Select\" text is here", "status": "broken", "statusDetails": {"message": "selenium.common.exceptions.WebDriverException: Message: target frame detached\n  (Session info: chrome=91.0.4472.114)\nStacktrace:\nBacktrace:\n\tOrdinal0 [0x00983733+2504499]\n\tOrdinal0 [0x0091C401+2081793]\n\tOrdinal0 [0x008224F0+1058032]\n\tOrdinal0 [0x00814CEF+1002735]\n\tOrdinal0 [0x00813EF9+999161]\n\tOrdinal0 [0x008142C7+1000135]\n\tOrdinal0 [0x0082A2D0+1090256]\n\tOrdinal0 [0x0082484E+1067086]\n\tOrdinal0 [0x008243C5+1065925]\n\tOrdinal0 [0x008243F9+1065977]\n\tOrdinal0 [0x00824B6B+1067883]\n\tOrdinal0 [0x00824DD0+1068496]\n\tOrdinal0 [0x0084CC28+1231912]\n\tOrdinal0 [0x008768F2+1403122]\n\tOrdinal0 [0x00865EBA+1334970]\n\tOrdinal0 [0x00874CDB+1395931]\n\tOrdinal0 [0x00865D4B+1334603]\n\tOrdinal0 [0x008422B4+1188532]\n\tOrdinal0 [0x00843149+1192265]\n\tGetHandleVerifier [0x00AFFB8C+1512252]\n\tGetHandleVerifier [0x00BAB0DF+2214031]\n\tGetHandleVerifier [0x00A04BC3+484211]\n\tGetHandleVerifier [0x00A03E69+480793]\n\tOrdinal0 [0x0092218D+2105741]\n\tOrdinal0 [0x009266E8+2123496]\n\tOrdinal0 [0x00926827+2123815]\n\tOrdinal0 [0x0092FB73+2161523]\n\tBaseThreadInitThunk [0x763BFA29+25]\n\tRtlGetAppContainerNamedObjectPath [0x77D37A9E+286]\n\tRtlGetAppContainerNamedObjectPath [0x77D37A6E+238]\n\n", "trace": "  File \"c:\\users\\rapid\\appdata\\local\\programs\\python\\python39\\lib\\site-packages\\behave\\model.py\", line 1329, in run\n    match.run(runner.context)\n  File \"c:\\users\\rapid\\appdata\\local\\programs\\python\\python39\\lib\\site-packages\\behave\\matchers.py\", line 98, in run\n    self.func(context, *args, **kwargs)\n  File \"features\\steps\\008_captcha_works.py\", line 8, in captcha_works\n    context.app.main_page.captcha_works(txt)\n  File \"C:\\Everything\\IT\\Testing\\Automation_08_09_2019\\autocareparts_gene_kayakov\\pages\\main_page.py\", line 236, in captcha_works\n    target = wait.until(EC.element_to_be_clickable(I_AM_NOT_ROBOT_CHCK_BX))\n  File \"c:\\users\\rapid\\appdata\\local\\programs\\python\\python39\\lib\\site-packages\\selenium\\webdriver\\support\\wait.py\", line 78, in until\n    value = method(self._driver)\n  File \"c:\\users\\rapid\\appdata\\local\\programs\\python\\python39\\lib\\site-packages\\selenium\\webdriver\\support\\expected_conditions.py\", line 269, in _predicate\n    element = visibility_of_element_located(locator)(driver)\n  File \"c:\\users\\rapid\\appdata\\local\\programs\\python\\python39\\lib\\site-packages\\selenium\\webdriver\\support\\expected_conditions.py\", line 117, in _predicate\n    return _element_if_visible(driver.find_element(*locator))\n  File \"c:\\users\\rapid\\appdata\\local\\programs\\python\\python39\\lib\\site-packages\\selenium\\webdriver\\remote\\webdriver.py\", line 1122, in find_element\n    return self.execute(Command.FIND_ELEMENT, {\n  File \"c:\\users\\rapid\\appdata\\local\\programs\\python\\python39\\lib\\site-packages\\selenium\\webdriver\\remote\\webdriver.py\", line 369, in execute\n    self.error_handler.check_response(response)\n  File \"c:\\users\\rapid\\appdata\\local\\programs\\python\\python39\\lib\\site-packages\\selenium\\webdriver\\remote\\errorhandler.py\", line 236, in check_response\n    raise exception_class(message, screen, stacktrace)\n"}, "steps": [{"name": "Given Loginpage", "status": "passed", "start": 1625000972372, "stop": 1625000973854}, {"name": "Then Verify captcha works and \"Select\" text is here", "status": "broken", "statusDetails": {"message": "selenium.common.exceptions.WebDriverException: Message: target frame detached\n  (Session info: chrome=91.0.4472.114)\nStacktrace:\nBacktrace:\n\tOrdinal0 [0x00983733+2504499]\n\tOrdinal0 [0x0091C401+2081793]\n\tOrdinal0 [0x008224F0+1058032]\n\tOrdinal0 [0x00814CEF+1002735]\n\tOrdinal0 [0x00813EF9+999161]\n\tOrdinal0 [0x008142C7+1000135]\n\tOrdinal0 [0x0082A2D0+1090256]\n\tOrdinal0 [0x0082484E+1067086]\n\tOrdinal0 [0x008243C5+1065925]\n\tOrdinal0 [0x008243F9+1065977]\n\tOrdinal0 [0x00824B6B+1067883]\n\tOrdinal0 [0x00824DD0+1068496]\n\tOrdinal0 [0x0084CC28+1231912]\n\tOrdinal0 [0x008768F2+1403122]\n\tOrdinal0 [0x00865EBA+1334970]\n\tOrdinal0 [0x00874CDB+1395931]\n\tOrdinal0 [0x00865D4B+1334603]\n\tOrdinal0 [0x008422B4+1188532]\n\tOrdinal0 [0x00843149+1192265]\n\tGetHandleVerifier [0x00AFFB8C+1512252]\n\tGetHandleVerifier [0x00BAB0DF+2214031]\n\tGetHandleVerifier [0x00A04BC3+484211]\n\tGetHandleVerifier [0x00A03E69+480793]\n\tOrdinal0 [0x0092218D+2105741]\n\tOrdinal0 [0x009266E8+2123496]\n\tOrdinal0 [0x00926827+2123815]\n\tOrdinal0 [0x0092FB73+2161523]\n\tBaseThreadInitThunk [0x763BFA29+25]\n\tRtlGetAppContainerNamedObjectPath [0x77D37A9E+286]\n\tRtlGetAppContainerNamedObjectPath [0x77D37A6E+238]\n\n", "trace": "  File \"c:\\users\\rapid\\appdata\\local\\programs\\python\\python39\\lib\\site-packages\\behave\\model.py\", line 1329, in run\n    match.run(runner.context)\n  File \"c:\\users\\rapid\\appdata\\local\\programs\\python\\python39\\lib\\site-packages\\behave\\matchers.py\", line 98, in run\n    self.func(context, *args, **kwargs)\n  File \"features\\steps\\008_captcha_works.py\", line 8, in captcha_works\n    context.app.main_page.captcha_works(txt)\n  File \"C:\\Everything\\IT\\Testing\\Automation_08_09_2019\\autocareparts_gene_kayakov\\pages\\main_page.py\", line 236, in captcha_works\n    target = wait.until(EC.element_to_be_clickable(I_AM_NOT_ROBOT_CHCK_BX))\n  File \"c:\\users\\rapid\\appdata\\local\\programs\\python\\python39\\lib\\site-packages\\selenium\\webdriver\\support\\wait.py\", line 78, in until\n    value = method(self._driver)\n  File \"c:\\users\\rapid\\appdata\\local\\programs\\python\\python39\\lib\\site-packages\\selenium\\webdriver\\support\\expected_conditions.py\", line 269, in _predicate\n    element = visibility_of_element_located(locator)(driver)\n  File \"c:\\users\\rapid\\appdata\\local\\programs\\python\\python39\\lib\\site-packages\\selenium\\webdriver\\support\\expected_conditions.py\", line 117, in _predicate\n    return _element_if_visible(driver.find_element(*locator))\n  File \"c:\\users\\rapid\\appdata\\local\\programs\\python\\python39\\lib\\site-packages\\selenium\\webdriver\\remote\\webdriver.py\", line 1122, in find_element\n    return self.execute(Command.FIND_ELEMENT, {\n  File \"c:\\users\\rapid\\appdata\\local\\programs\\python\\python39\\lib\\site-packages\\selenium\\webdriver\\remote\\webdriver.py\", line 369, in execute\n    self.error_handler.check_response(response)\n  File \"c:\\users\\rapid\\appdata\\local\\programs\\python\\python39\\lib\\site-packages\\selenium\\webdriver\\remote\\errorhandler.py\", line 236, in check_response\n    raise exception_class(message, screen, stacktrace)\n"}, "start": 1625000973854, "stop": 1625000976703}], "start": 1625000967591, "stop": 1625000979682, "uuid": "8c15c884-76e6-4bed-96e6-dedc10c9d0af", "historyId": "610a499b43dee0299e694fb33f24fff6", "fullName": "# Verify captcha works and \"Select\" text is here: # Verify captcha works and \"Select\" text is here", "labels": [{"name": "severity", "value": "normal"}, {"name": "feature", "value": "# Verify captcha works and \"Select\" text is here"}, {"name": "framework", "value": "behave"}, {"name": "language", "value": "cpython3"}]}