{"name": "# Verify Contact=email text is here and Ship to=address text is here", "status": "broken", "statusDetails": {"message": "selenium.common.exceptions.NoSuchElementException: Message: no such element: Unable to locate element: {\"method\":\"xpath\",\"selector\":\"(//div[@class='review-block__content'])[1]\"}\n  (Session info: chrome=88.0.4324.146)\n\n", "trace": "  File \"c:\\users\\rapid\\appdata\\local\\programs\\python\\python39\\lib\\site-packages\\behave\\model.py\", line 1329, in run\n    match.run(runner.context)\n  File \"c:\\users\\rapid\\appdata\\local\\programs\\python\\python39\\lib\\site-packages\\behave\\matchers.py\", line 98, in run\n    self.func(context, *args, **kwargs)\n  File \"features\\steps\\009_checkout_buy.py\", line 8, in contact_and_address_here\n    context.app.main_page.contact_and_address_here(txt)\n  File \"C:\\Everything\\IT\\Testing\\Automation_08_09_2019\\autocareparts_gene_kayakov\\pages\\main_page.py\", line 275, in contact_and_address_here\n    actual_email = (self.driver.find_element(*CONTACT_TEXT).text).lower()\n  File \"c:\\users\\rapid\\appdata\\local\\programs\\python\\python39\\lib\\site-packages\\selenium\\webdriver\\remote\\webdriver.py\", line 976, in find_element\n    return self.execute(Command.FIND_ELEMENT, {\n  File \"c:\\users\\rapid\\appdata\\local\\programs\\python\\python39\\lib\\site-packages\\selenium\\webdriver\\remote\\webdriver.py\", line 321, in execute\n    self.error_handler.check_response(response)\n  File \"c:\\users\\rapid\\appdata\\local\\programs\\python\\python39\\lib\\site-packages\\selenium\\webdriver\\remote\\errorhandler.py\", line 242, in check_response\n    raise exception_class(message, screen, stacktrace)\n"}, "steps": [{"name": "Given Loginpage", "status": "passed", "start": 1612315863957, "stop": 1612315865504}, {"name": "Then Verify Contact=email(randomized) and Ship to=address '2124 NE 182nd St North Miami Beach, Fl 33162' are here", "status": "broken", "statusDetails": {"message": "selenium.common.exceptions.NoSuchElementException: Message: no such element: Unable to locate element: {\"method\":\"xpath\",\"selector\":\"(//div[@class='review-block__content'])[1]\"}\n  (Session info: chrome=88.0.4324.146)\n\n", "trace": "  File \"c:\\users\\rapid\\appdata\\local\\programs\\python\\python39\\lib\\site-packages\\behave\\model.py\", line 1329, in run\n    match.run(runner.context)\n  File \"c:\\users\\rapid\\appdata\\local\\programs\\python\\python39\\lib\\site-packages\\behave\\matchers.py\", line 98, in run\n    self.func(context, *args, **kwargs)\n  File \"features\\steps\\009_checkout_buy.py\", line 8, in contact_and_address_here\n    context.app.main_page.contact_and_address_here(txt)\n  File \"C:\\Everything\\IT\\Testing\\Automation_08_09_2019\\autocareparts_gene_kayakov\\pages\\main_page.py\", line 275, in contact_and_address_here\n    actual_email = (self.driver.find_element(*CONTACT_TEXT).text).lower()\n  File \"c:\\users\\rapid\\appdata\\local\\programs\\python\\python39\\lib\\site-packages\\selenium\\webdriver\\remote\\webdriver.py\", line 976, in find_element\n    return self.execute(Command.FIND_ELEMENT, {\n  File \"c:\\users\\rapid\\appdata\\local\\programs\\python\\python39\\lib\\site-packages\\selenium\\webdriver\\remote\\webdriver.py\", line 321, in execute\n    self.error_handler.check_response(response)\n  File \"c:\\users\\rapid\\appdata\\local\\programs\\python\\python39\\lib\\site-packages\\selenium\\webdriver\\remote\\errorhandler.py\", line 242, in check_response\n    raise exception_class(message, screen, stacktrace)\n"}, "start": 1612315865505, "stop": 1612315878800}], "start": 1612315862610, "stop": 1612315881229, "uuid": "4ca94e24-3688-46cc-8bae-a5bfa48786f1", "historyId": "23ee89e041a60ac91ad09d1780287453", "fullName": "features/tests/009_checkout_buy.feature:# Verify Contact=email text is here and Ship to=address text is here", "labels": [{"name": "severity", "value": "normal"}, {"name": "feature", "value": "# Verify Contact=email text is here and Ship to=address text is here"}, {"name": "framework", "value": "behave"}, {"name": "language", "value": "cpython3"}]}