{"name": "# Verify captcha works and \"Select\" text is here", "status": "broken", "statusDetails": {"message": "selenium.common.exceptions.WebDriverException: Message: target frame detached\n  (Session info: chrome=91.0.4472.114)\nStacktrace:\nBacktrace:\n\tOrdinal0 [0x00F43733+2504499]\n\tOrdinal0 [0x00EDC401+2081793]\n\tOrdinal0 [0x00DE24F0+1058032]\n\tOrdinal0 [0x00DD4CEF+1002735]\n\tOrdinal0 [0x00DD3EF9+999161]\n\tOrdinal0 [0x00DD42C7+1000135]\n\tOrdinal0 [0x00DEA2D0+1090256]\n\tOrdinal0 [0x00DE484E+1067086]\n\tOrdinal0 [0x00DE43C5+1065925]\n\tOrdinal0 [0x00DE43F9+1065977]\n\tOrdinal0 [0x00DE4B6B+1067883]\n\tOrdinal0 [0x00DE4DD0+1068496]\n\tOrdinal0 [0x00E0CC28+1231912]\n\tOrdinal0 [0x00E368F2+1403122]\n\tOrdinal0 [0x00E25EBA+1334970]\n\tOrdinal0 [0x00E34CDB+1395931]\n\tOrdinal0 [0x00E25D4B+1334603]\n\tOrdinal0 [0x00E022B4+1188532]\n\tOrdinal0 [0x00E03149+1192265]\n\tGetHandleVerifier [0x010BFB8C+1512252]\n\tGetHandleVerifier [0x0116B0DF+2214031]\n\tGetHandleVerifier [0x00FC4BC3+484211]\n\tGetHandleVerifier [0x00FC3E69+480793]\n\tOrdinal0 [0x00EE218D+2105741]\n\tOrdinal0 [0x00EE66E8+2123496]\n\tOrdinal0 [0x00EE6827+2123815]\n\tOrdinal0 [0x00EEFB73+2161523]\n\tBaseThreadInitThunk [0x763BFA29+25]\n\tRtlGetAppContainerNamedObjectPath [0x77D37A9E+286]\n\tRtlGetAppContainerNamedObjectPath [0x77D37A6E+238]\n\n", "trace": "  File \"c:\\users\\rapid\\appdata\\local\\programs\\python\\python39\\lib\\site-packages\\behave\\model.py\", line 1329, in run\n    match.run(runner.context)\n  File \"c:\\users\\rapid\\appdata\\local\\programs\\python\\python39\\lib\\site-packages\\behave\\matchers.py\", line 98, in run\n    self.func(context, *args, **kwargs)\n  File \"features\\steps\\008_captcha_works.py\", line 8, in captcha_works\n    context.app.main_page.captcha_works(txt)\n  File \"C:\\Everything\\IT\\Testing\\Automation_08_09_2019\\autocareparts_gene_kayakov\\pages\\main_page.py\", line 236, in captcha_works\n    target = wait.until(EC.element_to_be_clickable(I_AM_NOT_ROBOT_CHCK_BX))\n  File \"c:\\users\\rapid\\appdata\\local\\programs\\python\\python39\\lib\\site-packages\\selenium\\webdriver\\support\\wait.py\", line 78, in until\n    value = method(self._driver)\n  File \"c:\\users\\rapid\\appdata\\local\\programs\\python\\python39\\lib\\site-packages\\selenium\\webdriver\\support\\expected_conditions.py\", line 269, in _predicate\n    element = visibility_of_element_located(locator)(driver)\n  File \"c:\\users\\rapid\\appdata\\local\\programs\\python\\python39\\lib\\site-packages\\selenium\\webdriver\\support\\expected_conditions.py\", line 117, in _predicate\n    return _element_if_visible(driver.find_element(*locator))\n  File \"c:\\users\\rapid\\appdata\\local\\programs\\python\\python39\\lib\\site-packages\\selenium\\webdriver\\remote\\webdriver.py\", line 1122, in find_element\n    return self.execute(Command.FIND_ELEMENT, {\n  File \"c:\\users\\rapid\\appdata\\local\\programs\\python\\python39\\lib\\site-packages\\selenium\\webdriver\\remote\\webdriver.py\", line 369, in execute\n    self.error_handler.check_response(response)\n  File \"c:\\users\\rapid\\appdata\\local\\programs\\python\\python39\\lib\\site-packages\\selenium\\webdriver\\remote\\errorhandler.py\", line 236, in check_response\n    raise exception_class(message, screen, stacktrace)\n"}, "steps": [{"name": "Given Loginpage", "status": "passed", "start": 1624984039646, "stop": 1624984040825}, {"name": "Then Verify captcha works and \"Select\" text is here", "status": "broken", "statusDetails": {"message": "selenium.common.exceptions.WebDriverException: Message: target frame detached\n  (Session info: chrome=91.0.4472.114)\nStacktrace:\nBacktrace:\n\tOrdinal0 [0x00F43733+2504499]\n\tOrdinal0 [0x00EDC401+2081793]\n\tOrdinal0 [0x00DE24F0+1058032]\n\tOrdinal0 [0x00DD4CEF+1002735]\n\tOrdinal0 [0x00DD3EF9+999161]\n\tOrdinal0 [0x00DD42C7+1000135]\n\tOrdinal0 [0x00DEA2D0+1090256]\n\tOrdinal0 [0x00DE484E+1067086]\n\tOrdinal0 [0x00DE43C5+1065925]\n\tOrdinal0 [0x00DE43F9+1065977]\n\tOrdinal0 [0x00DE4B6B+1067883]\n\tOrdinal0 [0x00DE4DD0+1068496]\n\tOrdinal0 [0x00E0CC28+1231912]\n\tOrdinal0 [0x00E368F2+1403122]\n\tOrdinal0 [0x00E25EBA+1334970]\n\tOrdinal0 [0x00E34CDB+1395931]\n\tOrdinal0 [0x00E25D4B+1334603]\n\tOrdinal0 [0x00E022B4+1188532]\n\tOrdinal0 [0x00E03149+1192265]\n\tGetHandleVerifier [0x010BFB8C+1512252]\n\tGetHandleVerifier [0x0116B0DF+2214031]\n\tGetHandleVerifier [0x00FC4BC3+484211]\n\tGetHandleVerifier [0x00FC3E69+480793]\n\tOrdinal0 [0x00EE218D+2105741]\n\tOrdinal0 [0x00EE66E8+2123496]\n\tOrdinal0 [0x00EE6827+2123815]\n\tOrdinal0 [0x00EEFB73+2161523]\n\tBaseThreadInitThunk [0x763BFA29+25]\n\tRtlGetAppContainerNamedObjectPath [0x77D37A9E+286]\n\tRtlGetAppContainerNamedObjectPath [0x77D37A6E+238]\n\n", "trace": "  File \"c:\\users\\rapid\\appdata\\local\\programs\\python\\python39\\lib\\site-packages\\behave\\model.py\", line 1329, in run\n    match.run(runner.context)\n  File \"c:\\users\\rapid\\appdata\\local\\programs\\python\\python39\\lib\\site-packages\\behave\\matchers.py\", line 98, in run\n    self.func(context, *args, **kwargs)\n  File \"features\\steps\\008_captcha_works.py\", line 8, in captcha_works\n    context.app.main_page.captcha_works(txt)\n  File \"C:\\Everything\\IT\\Testing\\Automation_08_09_2019\\autocareparts_gene_kayakov\\pages\\main_page.py\", line 236, in captcha_works\n    target = wait.until(EC.element_to_be_clickable(I_AM_NOT_ROBOT_CHCK_BX))\n  File \"c:\\users\\rapid\\appdata\\local\\programs\\python\\python39\\lib\\site-packages\\selenium\\webdriver\\support\\wait.py\", line 78, in until\n    value = method(self._driver)\n  File \"c:\\users\\rapid\\appdata\\local\\programs\\python\\python39\\lib\\site-packages\\selenium\\webdriver\\support\\expected_conditions.py\", line 269, in _predicate\n    element = visibility_of_element_located(locator)(driver)\n  File \"c:\\users\\rapid\\appdata\\local\\programs\\python\\python39\\lib\\site-packages\\selenium\\webdriver\\support\\expected_conditions.py\", line 117, in _predicate\n    return _element_if_visible(driver.find_element(*locator))\n  File \"c:\\users\\rapid\\appdata\\local\\programs\\python\\python39\\lib\\site-packages\\selenium\\webdriver\\remote\\webdriver.py\", line 1122, in find_element\n    return self.execute(Command.FIND_ELEMENT, {\n  File \"c:\\users\\rapid\\appdata\\local\\programs\\python\\python39\\lib\\site-packages\\selenium\\webdriver\\remote\\webdriver.py\", line 369, in execute\n    self.error_handler.check_response(response)\n  File \"c:\\users\\rapid\\appdata\\local\\programs\\python\\python39\\lib\\site-packages\\selenium\\webdriver\\remote\\errorhandler.py\", line 236, in check_response\n    raise exception_class(message, screen, stacktrace)\n"}, "start": 1624984040825, "stop": 1624984044972}], "start": 1624984034855, "stop": 1624984047445, "uuid": "0cb87e24-8880-49e0-ba04-c1d3bec0d942", "historyId": "610a499b43dee0299e694fb33f24fff6", "fullName": "# Verify captcha works and \"Select\" text is here: # Verify captcha works and \"Select\" text is here", "labels": [{"name": "severity", "value": "normal"}, {"name": "feature", "value": "# Verify captcha works and \"Select\" text is here"}, {"name": "framework", "value": "behave"}, {"name": "language", "value": "cpython3"}]}