{"name": "# Verify searched word in Shop by Brand, Numbers, 1 Shot \"1 SHOT\" is here", "status": "broken", "statusDetails": {"message": "selenium.common.exceptions.ElementClickInterceptedException: Message: element click intercepted: Element <a href=\"/collections/1-shot\" class=\"site-nav--link\" data-meganav-type=\"child\" tabindex=\"-1\">...</a> is not clickable at point (414, 303). Other element would receive the click: <main class=\"wrapper main-content\" role=\"main\">...</main>\n  (Session info: chrome=90.0.4430.85)\nStacktrace:\nBacktrace:\n\tOrdinal0 [0x011AC013+2474003]\n\tOrdinal0 [0x011429C1+2042305]\n\tOrdinal0 [0x01052F68+1060712]\n\tOrdinal0 [0x01083764+1259364]\n\tOrdinal0 [0x01081A5E+1251934]\n\tOrdinal0 [0x0107F8BF+1243327]\n\tOrdinal0 [0x0107E7A4+1238948]\n\tOrdinal0 [0x01074887+1198215]\n\tOrdinal0 [0x01096813+1337363]\n\tOrdinal0 [0x010746A6+1197734]\n\tOrdinal0 [0x010968FA+1337594]\n\tOrdinal0 [0x010A55CB+1398219]\n\tOrdinal0 [0x010966DB+1337051]\n\tOrdinal0 [0x01073427+1192999]\n\tOrdinal0 [0x010742EE+1196782]\n\tOrdinal0 [0x01074279+1196665]\n\tGetHandleVerifier [0x013396FC+1590332]\n\tGetHandleVerifier [0x013E8614+2306900]\n\tGetHandleVerifier [0x01239E93+543699]\n\tGetHandleVerifier [0x012392CE+540686]\n\tOrdinal0 [0x011486BA+2066106]\n\tOrdinal0 [0x0114D1C8+2085320]\n\tOrdinal0 [0x0114D308+2085640]\n\tOrdinal0 [0x011567F3+2123763]\n\tBaseThreadInitThunk [0x761CFA29+25]\n\tRtlGetAppContainerNamedObjectPath [0x77927A4E+286]\n\tRtlGetAppContainerNamedObjectPath [0x77927A1E+238]\n\n", "trace": "  File \"c:\\users\\rapid\\appdata\\local\\programs\\python\\python39\\lib\\site-packages\\behave\\model.py\", line 1329, in run\n    match.run(runner.context)\n  File \"c:\\users\\rapid\\appdata\\local\\programs\\python\\python39\\lib\\site-packages\\behave\\matchers.py\", line 98, in run\n    self.func(context, *args, **kwargs)\n  File \"features\\steps\\007_shopbybrand_numbers_oneshot.py\", line 8, in shopbybrand_numbers_oneshot\n    context.app.main_page.shopbybrand_numbers_oneshot(txt)\n  File \"C:\\Everything\\IT\\Testing\\Automation_08_09_2019\\autocareparts_gene_kayakov\\pages\\main_page.py\", line 187, in shopbybrand_numbers_oneshot\n    self.driver.find_element(*ONE_SHOT).click()\n  File \"c:\\users\\rapid\\appdata\\local\\programs\\python\\python39\\lib\\site-packages\\selenium\\webdriver\\remote\\webelement.py\", line 80, in click\n    self._execute(Command.CLICK_ELEMENT)\n  File \"c:\\users\\rapid\\appdata\\local\\programs\\python\\python39\\lib\\site-packages\\selenium\\webdriver\\remote\\webelement.py\", line 693, in _execute\n    return self._parent.execute(command, params)\n  File \"c:\\users\\rapid\\appdata\\local\\programs\\python\\python39\\lib\\site-packages\\selenium\\webdriver\\remote\\webdriver.py\", line 369, in execute\n    self.error_handler.check_response(response)\n  File \"c:\\users\\rapid\\appdata\\local\\programs\\python\\python39\\lib\\site-packages\\selenium\\webdriver\\remote\\errorhandler.py\", line 236, in check_response\n    raise exception_class(message, screen, stacktrace)\n"}, "steps": [{"name": "Given Loginpage", "status": "passed", "start": 1619174421986, "stop": 1619174422991}, {"name": "Then Verify searched word in Shop by Brand, Numbers, 1 Shot \"1 SHOT\" is here", "status": "broken", "statusDetails": {"message": "selenium.common.exceptions.ElementClickInterceptedException: Message: element click intercepted: Element <a href=\"/collections/1-shot\" class=\"site-nav--link\" data-meganav-type=\"child\" tabindex=\"-1\">...</a> is not clickable at point (414, 303). Other element would receive the click: <main class=\"wrapper main-content\" role=\"main\">...</main>\n  (Session info: chrome=90.0.4430.85)\nStacktrace:\nBacktrace:\n\tOrdinal0 [0x011AC013+2474003]\n\tOrdinal0 [0x011429C1+2042305]\n\tOrdinal0 [0x01052F68+1060712]\n\tOrdinal0 [0x01083764+1259364]\n\tOrdinal0 [0x01081A5E+1251934]\n\tOrdinal0 [0x0107F8BF+1243327]\n\tOrdinal0 [0x0107E7A4+1238948]\n\tOrdinal0 [0x01074887+1198215]\n\tOrdinal0 [0x01096813+1337363]\n\tOrdinal0 [0x010746A6+1197734]\n\tOrdinal0 [0x010968FA+1337594]\n\tOrdinal0 [0x010A55CB+1398219]\n\tOrdinal0 [0x010966DB+1337051]\n\tOrdinal0 [0x01073427+1192999]\n\tOrdinal0 [0x010742EE+1196782]\n\tOrdinal0 [0x01074279+1196665]\n\tGetHandleVerifier [0x013396FC+1590332]\n\tGetHandleVerifier [0x013E8614+2306900]\n\tGetHandleVerifier [0x01239E93+543699]\n\tGetHandleVerifier [0x012392CE+540686]\n\tOrdinal0 [0x011486BA+2066106]\n\tOrdinal0 [0x0114D1C8+2085320]\n\tOrdinal0 [0x0114D308+2085640]\n\tOrdinal0 [0x011567F3+2123763]\n\tBaseThreadInitThunk [0x761CFA29+25]\n\tRtlGetAppContainerNamedObjectPath [0x77927A4E+286]\n\tRtlGetAppContainerNamedObjectPath [0x77927A1E+238]\n\n", "trace": "  File \"c:\\users\\rapid\\appdata\\local\\programs\\python\\python39\\lib\\site-packages\\behave\\model.py\", line 1329, in run\n    match.run(runner.context)\n  File \"c:\\users\\rapid\\appdata\\local\\programs\\python\\python39\\lib\\site-packages\\behave\\matchers.py\", line 98, in run\n    self.func(context, *args, **kwargs)\n  File \"features\\steps\\007_shopbybrand_numbers_oneshot.py\", line 8, in shopbybrand_numbers_oneshot\n    context.app.main_page.shopbybrand_numbers_oneshot(txt)\n  File \"C:\\Everything\\IT\\Testing\\Automation_08_09_2019\\autocareparts_gene_kayakov\\pages\\main_page.py\", line 187, in shopbybrand_numbers_oneshot\n    self.driver.find_element(*ONE_SHOT).click()\n  File \"c:\\users\\rapid\\appdata\\local\\programs\\python\\python39\\lib\\site-packages\\selenium\\webdriver\\remote\\webelement.py\", line 80, in click\n    self._execute(Command.CLICK_ELEMENT)\n  File \"c:\\users\\rapid\\appdata\\local\\programs\\python\\python39\\lib\\site-packages\\selenium\\webdriver\\remote\\webelement.py\", line 693, in _execute\n    return self._parent.execute(command, params)\n  File \"c:\\users\\rapid\\appdata\\local\\programs\\python\\python39\\lib\\site-packages\\selenium\\webdriver\\remote\\webdriver.py\", line 369, in execute\n    self.error_handler.check_response(response)\n  File \"c:\\users\\rapid\\appdata\\local\\programs\\python\\python39\\lib\\site-packages\\selenium\\webdriver\\remote\\errorhandler.py\", line 236, in check_response\n    raise exception_class(message, screen, stacktrace)\n"}, "start": 1619174422991, "stop": 1619174424949}], "start": 1619174417485, "stop": 1619174427119, "uuid": "9b8be773-9048-4046-ae01-2abb58d91b1e", "historyId": "d7e82d6d0cd5984ffd60b7add56374ac", "fullName": "# Verify searched word in Shop by Brand, Numbers, 1 Shot \"1 SHOT\" is here: # Verify searched word in Shop by Brand, Numbers, 1 Shot \"1 SHOT\" is here", "labels": [{"name": "severity", "value": "normal"}, {"name": "feature", "value": "# Verify searched word in Shop by Brand, Numbers, 1 Shot \"1 SHOT\" is here"}, {"name": "framework", "value": "behave"}, {"name": "language", "value": "cpython3"}]}