{"name": "# Verify captcha works and \"Select\" text is here", "status": "broken", "statusDetails": {"message": "selenium.common.exceptions.TimeoutException: Message: \nStacktrace:\nBacktrace:\n\tOrdinal0 [0x00CB3733+2504499]\n\tOrdinal0 [0x00C4C401+2081793]\n\tOrdinal0 [0x00B52628+1058344]\n\tOrdinal0 [0x00B7CEBB+1232571]\n\tOrdinal0 [0x00BA68F2+1403122]\n\tOrdinal0 [0x00B95EBA+1334970]\n\tOrdinal0 [0x00BA4CDB+1395931]\n\tOrdinal0 [0x00B95D4B+1334603]\n\tOrdinal0 [0x00B722B4+1188532]\n\tOrdinal0 [0x00B73149+1192265]\n\tGetHandleVerifier [0x00E2FB8C+1512252]\n\tGetHandleVerifier [0x00EDB0DF+2214031]\n\tGetHandleVerifier [0x00D34BC3+484211]\n\tGetHandleVerifier [0x00D33E69+480793]\n\tOrdinal0 [0x00C5218D+2105741]\n\tOrdinal0 [0x00C566E8+2123496]\n\tOrdinal0 [0x00C56827+2123815]\n\tOrdinal0 [0x00C5FB73+2161523]\n\tBaseThreadInitThunk [0x772BFA29+25]\n\tRtlGetAppContainerNamedObjectPath [0x77497A9E+286]\n\tRtlGetAppContainerNamedObjectPath [0x77497A6E+238]\n\n", "trace": "  File \"c:\\users\\rapid\\appdata\\local\\programs\\python\\python39\\lib\\site-packages\\behave\\model.py\", line 1329, in run\n    match.run(runner.context)\n  File \"c:\\users\\rapid\\appdata\\local\\programs\\python\\python39\\lib\\site-packages\\behave\\matchers.py\", line 98, in run\n    self.func(context, *args, **kwargs)\n  File \"features\\steps\\008_captcha_works.py\", line 8, in captcha_works\n    context.app.main_page.captcha_works(txt)\n  File \"C:\\Everything\\IT\\Testing\\Automation_08_09_2019\\autocareparts_gene_kayakov\\pages\\main_page.py\", line 214, in captcha_works\n    wait.until(EC.element_to_be_clickable(CREATE_AN_ACCOUNT)).click()\n  File \"c:\\users\\rapid\\appdata\\local\\programs\\python\\python39\\lib\\site-packages\\selenium\\webdriver\\support\\wait.py\", line 87, in until\n    raise TimeoutException(message, screen, stacktrace)\n"}, "steps": [{"name": "Given Loginpage", "status": "passed", "start": 1624329745633, "stop": 1624329746459}, {"name": "Then Verify captcha works and \"Select\" text is here", "status": "broken", "statusDetails": {"message": "selenium.common.exceptions.TimeoutException: Message: \nStacktrace:\nBacktrace:\n\tOrdinal0 [0x00CB3733+2504499]\n\tOrdinal0 [0x00C4C401+2081793]\n\tOrdinal0 [0x00B52628+1058344]\n\tOrdinal0 [0x00B7CEBB+1232571]\n\tOrdinal0 [0x00BA68F2+1403122]\n\tOrdinal0 [0x00B95EBA+1334970]\n\tOrdinal0 [0x00BA4CDB+1395931]\n\tOrdinal0 [0x00B95D4B+1334603]\n\tOrdinal0 [0x00B722B4+1188532]\n\tOrdinal0 [0x00B73149+1192265]\n\tGetHandleVerifier [0x00E2FB8C+1512252]\n\tGetHandleVerifier [0x00EDB0DF+2214031]\n\tGetHandleVerifier [0x00D34BC3+484211]\n\tGetHandleVerifier [0x00D33E69+480793]\n\tOrdinal0 [0x00C5218D+2105741]\n\tOrdinal0 [0x00C566E8+2123496]\n\tOrdinal0 [0x00C56827+2123815]\n\tOrdinal0 [0x00C5FB73+2161523]\n\tBaseThreadInitThunk [0x772BFA29+25]\n\tRtlGetAppContainerNamedObjectPath [0x77497A9E+286]\n\tRtlGetAppContainerNamedObjectPath [0x77497A6E+238]\n\n", "trace": "  File \"c:\\users\\rapid\\appdata\\local\\programs\\python\\python39\\lib\\site-packages\\behave\\model.py\", line 1329, in run\n    match.run(runner.context)\n  File \"c:\\users\\rapid\\appdata\\local\\programs\\python\\python39\\lib\\site-packages\\behave\\matchers.py\", line 98, in run\n    self.func(context, *args, **kwargs)\n  File \"features\\steps\\008_captcha_works.py\", line 8, in captcha_works\n    context.app.main_page.captcha_works(txt)\n  File \"C:\\Everything\\IT\\Testing\\Automation_08_09_2019\\autocareparts_gene_kayakov\\pages\\main_page.py\", line 214, in captcha_works\n    wait.until(EC.element_to_be_clickable(CREATE_AN_ACCOUNT)).click()\n  File \"c:\\users\\rapid\\appdata\\local\\programs\\python\\python39\\lib\\site-packages\\selenium\\webdriver\\support\\wait.py\", line 87, in until\n    raise TimeoutException(message, screen, stacktrace)\n"}, "start": 1624329746460, "stop": 1624329760076}], "start": 1624329741090, "stop": 1624329762231, "uuid": "7294e0f5-606b-48bf-b1e8-143fc48434f0", "historyId": "610a499b43dee0299e694fb33f24fff6", "fullName": "# Verify captcha works and \"Select\" text is here: # Verify captcha works and \"Select\" text is here", "labels": [{"name": "severity", "value": "normal"}, {"name": "feature", "value": "# Verify captcha works and \"Select\" text is here"}, {"name": "framework", "value": "behave"}, {"name": "language", "value": "cpython3"}]}